<?xml version="1.0" encoding="UTF-8"?>
<testsuite xmlns:xsi="http://www.w3.org/2001/XMLSchema-instance" xsi:noNamespaceSchemaLocation="https://maven.apache.org/surefire/maven-surefire-plugin/xsd/surefire-test-report.xsd" name="org.java.calculator.CalculatorTest" time="0.132" tests="50" errors="0" skipped="10" failures="0">
  <properties>
[...]
</properties>
  <testcase name="divideTest[1]" classname="org.java.calculator.CalculatorTest" time="0.023"/>
  <testcase name="divideTest[2]" classname="org.java.calculator.CalculatorTest" time="0.001"/>
  <testcase name="divideTest[3]" classname="org.java.calculator.CalculatorTest" time="0"/>
  <testcase name="divideTest[4]" classname="org.java.calculator.CalculatorTest" time="0"/>
  <testcase name="divideTest[5]" classname="org.java.calculator.CalculatorTest" time="0.001"/>
  <testcase name="divideTest[6]" classname="org.java.calculator.CalculatorTest" time="0"/>
  <testcase name="divideTest[7]" classname="org.java.calculator.CalculatorTest" time="0"/>
  <testcase name="divideTest[8]" classname="org.java.calculator.CalculatorTest" time="0"/>
  <testcase name="divideTest[9]" classname="org.java.calculator.CalculatorTest" time="0"/>
  <testcase name="divideTest[10]" classname="org.java.calculator.CalculatorTest" time="0.001"/>
  <testcase name="addTest[1]" classname="org.java.calculator.CalculatorTest" time="0.001"/>
  <testcase name="addTest[2]" classname="org.java.calculator.CalculatorTest" time="0"/>
  <testcase name="addTest[3]" classname="org.java.calculator.CalculatorTest" time="0"/>
  <testcase name="addTest[4]" classname="org.java.calculator.CalculatorTest" time="0"/>
  <testcase name="addTest[5]" classname="org.java.calculator.CalculatorTest" time="0"/>
  <testcase name="addTest[6]" classname="org.java.calculator.CalculatorTest" time="0.001"/>
  <testcase name="addTest[7]" classname="org.java.calculator.CalculatorTest" time="0"/>
  <testcase name="addTest[8]" classname="org.java.calculator.CalculatorTest" time="0.001"/>
  <testcase name="addTest[9]" classname="org.java.calculator.CalculatorTest" time="0.001"/>
  <testcase name="addTest[10]" classname="org.java.calculator.CalculatorTest" time="0.001"/>
  <testcase name="multiplyTest[1]" classname="org.java.calculator.CalculatorTest" time="0"/>
  <testcase name="multiplyTest[2]" classname="org.java.calculator.CalculatorTest" time="0"/>
  <testcase name="multiplyTest[3]" classname="org.java.calculator.CalculatorTest" time="0"/>
  <testcase name="multiplyTest[4]" classname="org.java.calculator.CalculatorTest" time="0"/>
  <testcase name="multiplyTest[5]" classname="org.java.calculator.CalculatorTest" time="0"/>
  <testcase name="multiplyTest[6]" classname="org.java.calculator.CalculatorTest" time="0"/>
  <testcase name="multiplyTest[7]" classname="org.java.calculator.CalculatorTest" time="0"/>
  <testcase name="multiplyTest[8]" classname="org.java.calculator.CalculatorTest" time="0.001"/>
  <testcase name="multiplyTest[9]" classname="org.java.calculator.CalculatorTest" time="0"/>
  <testcase name="multiplyTest[10]" classname="org.java.calculator.CalculatorTest" time="0"/>
  <testcase name="divideExceptionTest[1]" classname="org.java.calculator.CalculatorTest" time="0">
    <skipped message="Assumption failed: assumption is not true" type="org.opentest4j.TestAbortedException">org.opentest4j.TestAbortedException: Assumption failed: assumption is not true
	at org.java.calculator.CalculatorTest.divideExceptionTest(CalculatorTest.java:55)
</skipped>
  </testcase>
  <testcase name="divideExceptionTest[2]" classname="org.java.calculator.CalculatorTest" time="0">
    <skipped message="Assumption failed: assumption is not true" type="org.opentest4j.TestAbortedException">org.opentest4j.TestAbortedException: Assumption failed: assumption is not true
	at org.java.calculator.CalculatorTest.divideExceptionTest(CalculatorTest.java:55)
</skipped>
  </testcase>
  <testcase name="divideExceptionTest[3]" classname="org.java.calculator.CalculatorTest" time="0">
    <skipped message="Assumption failed: assumption is not true" type="org.opentest4j.TestAbortedException">org.opentest4j.TestAbortedException: Assumption failed: assumption is not true
	at org.java.calculator.CalculatorTest.divideExceptionTest(CalculatorTest.java:55)
</skipped>
  </testcase>
  <testcase name="divideExceptionTest[4]" classname="org.java.calculator.CalculatorTest" time="0">
    <skipped message="Assumption failed: assumption is not true" type="org.opentest4j.TestAbortedException">org.opentest4j.TestAbortedException: Assumption failed: assumption is not true
	at org.java.calculator.CalculatorTest.divideExceptionTest(CalculatorTest.java:55)
</skipped>
  </testcase>
  <testcase name="divideExceptionTest[5]" classname="org.java.calculator.CalculatorTest" time="0">
    <skipped message="Assumption failed: assumption is not true" type="org.opentest4j.TestAbortedException">org.opentest4j.TestAbortedException: Assumption failed: assumption is not true
	at org.java.calculator.CalculatorTest.divideExceptionTest(CalculatorTest.java:55)
</skipped>
  </testcase>
  <testcase name="divideExceptionTest[6]" classname="org.java.calculator.CalculatorTest" time="0">
    <skipped message="Assumption failed: assumption is not true" type="org.opentest4j.TestAbortedException">org.opentest4j.TestAbortedException: Assumption failed: assumption is not true
	at org.java.calculator.CalculatorTest.divideExceptionTest(CalculatorTest.java:55)
</skipped>
  </testcase>
  <testcase name="divideExceptionTest[7]" classname="org.java.calculator.CalculatorTest" time="0">
    <skipped message="Assumption failed: assumption is not true" type="org.opentest4j.TestAbortedException">org.opentest4j.TestAbortedException: Assumption failed: assumption is not true
	at org.java.calculator.CalculatorTest.divideExceptionTest(CalculatorTest.java:55)
</skipped>
  </testcase>
  <testcase name="divideExceptionTest[8]" classname="org.java.calculator.CalculatorTest" time="0">
    <skipped message="Assumption failed: assumption is not true" type="org.opentest4j.TestAbortedException">org.opentest4j.TestAbortedException: Assumption failed: assumption is not true
	at org.java.calculator.CalculatorTest.divideExceptionTest(CalculatorTest.java:55)
</skipped>
  </testcase>
  <testcase name="divideExceptionTest[9]" classname="org.java.calculator.CalculatorTest" time="0">
    <skipped message="Assumption failed: assumption is not true" type="org.opentest4j.TestAbortedException">org.opentest4j.TestAbortedException: Assumption failed: assumption is not true
	at org.java.calculator.CalculatorTest.divideExceptionTest(CalculatorTest.java:55)
</skipped>
  </testcase>
  <testcase name="divideExceptionTest[10]" classname="org.java.calculator.CalculatorTest" time="0">
    <skipped message="Assumption failed: assumption is not true" type="org.opentest4j.TestAbortedException">org.opentest4j.TestAbortedException: Assumption failed: assumption is not true
	at org.java.calculator.CalculatorTest.divideExceptionTest(CalculatorTest.java:55)
</skipped>
  </testcase>
  <testcase name="subtractTest[1]" classname="org.java.calculator.CalculatorTest" time="0"/>
  <testcase name="subtractTest[2]" classname="org.java.calculator.CalculatorTest" time="0"/>
  <testcase name="subtractTest[3]" classname="org.java.calculator.CalculatorTest" time="0.001"/>
  <testcase name="subtractTest[4]" classname="org.java.calculator.CalculatorTest" time="0"/>
  <testcase name="subtractTest[5]" classname="org.java.calculator.CalculatorTest" time="0"/>
  <testcase name="subtractTest[6]" classname="org.java.calculator.CalculatorTest" time="0.001"/>
  <testcase name="subtractTest[7]" classname="org.java.calculator.CalculatorTest" time="0"/>
  <testcase name="subtractTest[8]" classname="org.java.calculator.CalculatorTest" time="0"/>
  <testcase name="subtractTest[9]" classname="org.java.calculator.CalculatorTest" time="0"/>
  <testcase name="subtractTest[10]" classname="org.java.calculator.CalculatorTest" time="0"/>
</testsuite>